2022-05-06 09:26:00.810  INFO 31424 --- [main] n.g.groogagle.GroogagleApplication       : Starting GroogagleApplication using Java 17.0.1 on EaglePC with PID 31424 (C:\Users\garag\Documents\PurpleTeam\groogagle-jda\target\classes started by garag in C:\Users\garag\Documents\PurpleTeam\groogagle-jda)
2022-05-06 09:26:00.817  INFO 31424 --- [main] n.g.groogagle.GroogagleApplication       : No active profile set, falling back to 1 default profile: "default"
2022-05-06 09:26:01.314  WARN 31424 --- [main] net.dv8tion.jda.api.JDA                  : Automatically disabled CacheFlags due to missing intents
2022-05-06 09:26:01.315  WARN 31424 --- [main] net.dv8tion.jda.api.JDA                  : Disabled CacheFlag.VOICE_STATE (missing GatewayIntent.GUILD_VOICE_STATES)
2022-05-06 09:26:01.315  WARN 31424 --- [main] net.dv8tion.jda.api.JDA                  : Disabled CacheFlag.EMOTE (missing GatewayIntent.GUILD_EMOJIS)
2022-05-06 09:26:01.316  WARN 31424 --- [main] net.dv8tion.jda.api.JDA                  : You can manually disable these flags to remove this warning by using disableCache(CacheFlag.VOICE_STATE, CacheFlag.EMOTE) on your JDABuilder
2022-05-06 09:26:02.467  INFO 31424 --- [main] net.dv8tion.jda.api.JDA                  : Login Successful!
2022-05-06 09:26:02.732  INFO 31424 --- [JDA MainWS-ReadThread] n.d.j.internal.requests.WebSocketClient  : Connected to WebSocket
2022-05-06 09:26:03.252  INFO 31424 --- [JDA MainWS-ReadThread] net.dv8tion.jda.api.JDA                  : Finished Loading!
2022-05-06 09:26:03.373  INFO 31424 --- [main] n.g.groogagle.meta.SlashCommandAttacher  : Registering Slash Command "ping"
2022-05-06 09:26:03.378  INFO 31424 --- [main] n.g.groogagle.meta.SlashCommandAttacher  : Registering Slash Command "say"
2022-05-06 09:26:03.455  INFO 31424 --- [main] n.g.groogagle.GroogagleApplication       : Started GroogagleApplication in 3.391 seconds (JVM running for 3.744)
2022-05-06 09:30:49.787  INFO 28780 --- [main] n.g.groogagle.GroogagleApplication       : Starting GroogagleApplication using Java 17.0.1 on EaglePC with PID 28780 (C:\Users\garag\Documents\PurpleTeam\groogagle-jda\target\classes started by garag in C:\Users\garag\Documents\PurpleTeam\groogagle-jda)
2022-05-06 09:30:49.790  INFO 28780 --- [main] n.g.groogagle.GroogagleApplication       : No active profile set, falling back to 1 default profile: "default"
2022-05-06 09:30:50.512  WARN 28780 --- [main] net.dv8tion.jda.api.JDA                  : Automatically disabled CacheFlags due to missing intents
2022-05-06 09:30:50.513  WARN 28780 --- [main] net.dv8tion.jda.api.JDA                  : Disabled CacheFlag.VOICE_STATE (missing GatewayIntent.GUILD_VOICE_STATES)
2022-05-06 09:30:50.514  WARN 28780 --- [main] net.dv8tion.jda.api.JDA                  : Disabled CacheFlag.EMOTE (missing GatewayIntent.GUILD_EMOJIS)
2022-05-06 09:30:50.514  WARN 28780 --- [main] net.dv8tion.jda.api.JDA                  : You can manually disable these flags to remove this warning by using disableCache(CacheFlag.VOICE_STATE, CacheFlag.EMOTE) on your JDABuilder
2022-05-06 09:30:51.309  INFO 28780 --- [main] net.dv8tion.jda.api.JDA                  : Login Successful!
2022-05-06 09:30:51.591  INFO 28780 --- [JDA MainWS-WriteThread] n.d.j.internal.requests.WebSocketClient  : Connected to WebSocket
2022-05-06 09:30:51.805  INFO 28780 --- [JDA MainWS-ReadThread] net.dv8tion.jda.api.JDA                  : Finished Loading!
2022-05-06 09:30:51.854  INFO 28780 --- [main] n.g.groogagle.meta.SlashCommandAttacher  : Registering Slash Command "ping"
2022-05-06 09:30:51.858  INFO 28780 --- [main] n.g.groogagle.meta.SlashCommandAttacher  : Registering Slash Command "say"
2022-05-06 09:30:51.931  INFO 28780 --- [main] n.g.groogagle.GroogagleApplication       : Started GroogagleApplication in 2.568 seconds (JVM running for 2.845)
2022-05-06 09:34:47.370  INFO 25104 --- [main] n.g.groogagle.GroogagleApplication       : Starting GroogagleApplication using Java 17.0.1 on EaglePC with PID 25104 (C:\Users\garag\Documents\PurpleTeam\groogagle-jda\target\classes started by garag in C:\Users\garag\Documents\PurpleTeam\groogagle-jda)
2022-05-06 09:34:47.372  INFO 25104 --- [main] n.g.groogagle.GroogagleApplication       : No active profile set, falling back to 1 default profile: "default"
2022-05-06 09:34:47.813  WARN 25104 --- [main] net.dv8tion.jda.api.JDA                  : Automatically disabled CacheFlags due to missing intents
2022-05-06 09:34:47.814  WARN 25104 --- [main] net.dv8tion.jda.api.JDA                  : Disabled CacheFlag.VOICE_STATE (missing GatewayIntent.GUILD_VOICE_STATES)
2022-05-06 09:34:47.814  WARN 25104 --- [main] net.dv8tion.jda.api.JDA                  : Disabled CacheFlag.EMOTE (missing GatewayIntent.GUILD_EMOJIS)
2022-05-06 09:34:47.814  WARN 25104 --- [main] net.dv8tion.jda.api.JDA                  : You can manually disable these flags to remove this warning by using disableCache(CacheFlag.VOICE_STATE, CacheFlag.EMOTE) on your JDABuilder
2022-05-06 09:34:48.607  INFO 25104 --- [main] net.dv8tion.jda.api.JDA                  : Login Successful!
2022-05-06 09:34:48.810  INFO 25104 --- [JDA MainWS-ReadThread] n.d.j.internal.requests.WebSocketClient  : Connected to WebSocket
2022-05-06 09:34:48.990  INFO 25104 --- [JDA MainWS-ReadThread] net.dv8tion.jda.api.JDA                  : Finished Loading!
2022-05-06 09:34:49.078  INFO 25104 --- [main] n.g.groogagle.meta.SlashCommandAttacher  : Registering Slash Command "ping"
2022-05-06 09:34:49.082  INFO 25104 --- [main] n.g.groogagle.meta.SlashCommandAttacher  : Registering Slash Command "say"
2022-05-06 09:34:49.158  INFO 25104 --- [main] n.g.groogagle.GroogagleApplication       : Started GroogagleApplication in 2.157 seconds (JVM running for 2.424)
2022-05-06 09:39:08.048  INFO 17860 --- [main] n.g.groogagle.GroogagleApplication       : Starting GroogagleApplication using Java 17.0.1 on EaglePC with PID 17860 (C:\Users\garag\Documents\PurpleTeam\groogagle-jda\target\classes started by garag in C:\Users\garag\Documents\PurpleTeam\groogagle-jda)
2022-05-06 09:39:08.050  INFO 17860 --- [main] n.g.groogagle.GroogagleApplication       : No active profile set, falling back to 1 default profile: "default"
2022-05-06 09:39:08.512  WARN 17860 --- [main] net.dv8tion.jda.api.JDA                  : Automatically disabled CacheFlags due to missing intents
2022-05-06 09:39:08.513  WARN 17860 --- [main] net.dv8tion.jda.api.JDA                  : Disabled CacheFlag.VOICE_STATE (missing GatewayIntent.GUILD_VOICE_STATES)
2022-05-06 09:39:08.513  WARN 17860 --- [main] net.dv8tion.jda.api.JDA                  : Disabled CacheFlag.EMOTE (missing GatewayIntent.GUILD_EMOJIS)
2022-05-06 09:39:08.514  WARN 17860 --- [main] net.dv8tion.jda.api.JDA                  : You can manually disable these flags to remove this warning by using disableCache(CacheFlag.VOICE_STATE, CacheFlag.EMOTE) on your JDABuilder
2022-05-06 09:39:09.263  INFO 17860 --- [main] net.dv8tion.jda.api.JDA                  : Login Successful!
2022-05-06 09:39:09.507  INFO 17860 --- [JDA MainWS-ReadThread] n.d.j.internal.requests.WebSocketClient  : Connected to WebSocket
2022-05-06 09:39:09.727  INFO 17860 --- [JDA MainWS-ReadThread] net.dv8tion.jda.api.JDA                  : Finished Loading!
2022-05-06 09:39:09.804  INFO 17860 --- [main] n.g.groogagle.meta.SlashCommandAttacher  : Registering Slash Command "ping"
2022-05-06 09:39:09.809  INFO 17860 --- [main] n.g.groogagle.meta.SlashCommandAttacher  : Registering Slash Command "say"
2022-05-06 09:39:09.877  INFO 17860 --- [main] n.g.groogagle.GroogagleApplication       : Started GroogagleApplication in 2.212 seconds (JVM running for 2.481)
2022-05-06 09:40:18.237  INFO 28872 --- [main] n.g.groogagle.GroogagleApplication       : Starting GroogagleApplication using Java 17.0.1 on EaglePC with PID 28872 (C:\Users\garag\Documents\PurpleTeam\groogagle-jda\target\classes started by garag in C:\Users\garag\Documents\PurpleTeam\groogagle-jda)
2022-05-06 09:40:18.239  INFO 28872 --- [main] n.g.groogagle.GroogagleApplication       : No active profile set, falling back to 1 default profile: "default"
2022-05-06 09:40:18.677  WARN 28872 --- [main] net.dv8tion.jda.api.JDA                  : Automatically disabled CacheFlags due to missing intents
2022-05-06 09:40:18.678  WARN 28872 --- [main] net.dv8tion.jda.api.JDA                  : Disabled CacheFlag.VOICE_STATE (missing GatewayIntent.GUILD_VOICE_STATES)
2022-05-06 09:40:18.678  WARN 28872 --- [main] net.dv8tion.jda.api.JDA                  : Disabled CacheFlag.EMOTE (missing GatewayIntent.GUILD_EMOJIS)
2022-05-06 09:40:18.679  WARN 28872 --- [main] net.dv8tion.jda.api.JDA                  : You can manually disable these flags to remove this warning by using disableCache(CacheFlag.VOICE_STATE, CacheFlag.EMOTE) on your JDABuilder
2022-05-06 09:40:19.366  INFO 28872 --- [main] net.dv8tion.jda.api.JDA                  : Login Successful!
2022-05-06 09:40:19.573  INFO 28872 --- [JDA MainWS-ReadThread] n.d.j.internal.requests.WebSocketClient  : Connected to WebSocket
2022-05-06 09:40:19.762  INFO 28872 --- [JDA MainWS-ReadThread] net.dv8tion.jda.api.JDA                  : Finished Loading!
2022-05-06 09:40:19.842  INFO 28872 --- [main] n.g.groogagle.meta.SlashCommandAttacher  : Registering Slash Command "ping"
2022-05-06 09:40:19.847  INFO 28872 --- [main] n.g.groogagle.meta.SlashCommandAttacher  : Registering Slash Command "say"
2022-05-06 09:40:19.912  INFO 28872 --- [main] n.g.groogagle.GroogagleApplication       : Started GroogagleApplication in 2.053 seconds (JVM running for 2.316)
2022-05-06 09:40:27.666 ERROR 28872 --- [JDA MainWS-ReadThread] net.dv8tion.jda.api.requests.RestAction  : RestAction queue returned failure

java.lang.IllegalStateException: This interaction has already been acknowledged or replied to. You can only reply or acknowledge an interaction once!
	at net.dv8tion.jda.internal.requests.restaction.interactions.InteractionCallbackImpl.tryAck(InteractionCallbackImpl.java:81) ~[JDA-5.0.0-alpha.11.jar:5.0.0-alpha.11]
	at net.dv8tion.jda.internal.requests.restaction.interactions.InteractionCallbackImpl.queue(InteractionCallbackImpl.java:88) ~[JDA-5.0.0-alpha.11.jar:5.0.0-alpha.11]
	at net.dv8tion.jda.api.requests.RestAction.queue(RestAction.java:573) ~[JDA-5.0.0-alpha.11.jar:5.0.0-alpha.11]
	at net.dv8tion.jda.api.requests.RestAction.queue(RestAction.java:539) ~[JDA-5.0.0-alpha.11.jar:5.0.0-alpha.11]
	at net.garageagle.groogagle.commands.SaySlashCommand.executeCommand(SaySlashCommand.java:59) ~[classes/:na]
	at net.garageagle.groogagle.model.SlashCommand.onSlashCommandInteraction(SlashCommand.java:35) ~[classes/:na]
	at net.dv8tion.jda.api.hooks.ListenerAdapter.onEvent(ListenerAdapter.java:361) ~[JDA-5.0.0-alpha.11.jar:5.0.0-alpha.11]
	at net.dv8tion.jda.api.hooks.InterfacedEventManager.handle(InterfacedEventManager.java:96) ~[JDA-5.0.0-alpha.11.jar:5.0.0-alpha.11]
	at net.dv8tion.jda.internal.hooks.EventManagerProxy.handleInternally(EventManagerProxy.java:88) ~[JDA-5.0.0-alpha.11.jar:5.0.0-alpha.11]
	at net.dv8tion.jda.internal.hooks.EventManagerProxy.handle(EventManagerProxy.java:70) ~[JDA-5.0.0-alpha.11.jar:5.0.0-alpha.11]
	at net.dv8tion.jda.internal.JDAImpl.handleEvent(JDAImpl.java:164) ~[JDA-5.0.0-alpha.11.jar:5.0.0-alpha.11]
	at net.dv8tion.jda.internal.handle.InteractionCreateHandler.handleCommand(InteractionCreateHandler.java:109) ~[JDA-5.0.0-alpha.11.jar:5.0.0-alpha.11]
	at net.dv8tion.jda.internal.handle.InteractionCreateHandler.handleInternally(InteractionCreateHandler.java:80) ~[JDA-5.0.0-alpha.11.jar:5.0.0-alpha.11]
	at net.dv8tion.jda.internal.handle.SocketHandler.handle(SocketHandler.java:36) ~[JDA-5.0.0-alpha.11.jar:5.0.0-alpha.11]
	at net.dv8tion.jda.internal.requests.WebSocketClient.onDispatch(WebSocketClient.java:957) ~[JDA-5.0.0-alpha.11.jar:5.0.0-alpha.11]
	at net.dv8tion.jda.internal.requests.WebSocketClient.onEvent(WebSocketClient.java:844) ~[JDA-5.0.0-alpha.11.jar:5.0.0-alpha.11]
	at net.dv8tion.jda.internal.requests.WebSocketClient.handleEvent(WebSocketClient.java:822) ~[JDA-5.0.0-alpha.11.jar:5.0.0-alpha.11]
	at net.dv8tion.jda.internal.requests.WebSocketClient.onBinaryMessage(WebSocketClient.java:996) ~[JDA-5.0.0-alpha.11.jar:5.0.0-alpha.11]
	at com.neovisionaries.ws.client.ListenerManager.callOnBinaryMessage(ListenerManager.java:385) ~[nv-websocket-client-2.14.jar:na]
	at com.neovisionaries.ws.client.ReadingThread.callOnBinaryMessage(ReadingThread.java:276) ~[nv-websocket-client-2.14.jar:na]
	at com.neovisionaries.ws.client.ReadingThread.handleBinaryFrame(ReadingThread.java:996) ~[nv-websocket-client-2.14.jar:na]
	at com.neovisionaries.ws.client.ReadingThread.handleFrame(ReadingThread.java:755) ~[nv-websocket-client-2.14.jar:na]
	at com.neovisionaries.ws.client.ReadingThread.main(ReadingThread.java:108) ~[nv-websocket-client-2.14.jar:na]
	at com.neovisionaries.ws.client.ReadingThread.runMain(ReadingThread.java:64) ~[nv-websocket-client-2.14.jar:na]
	at com.neovisionaries.ws.client.WebSocketThread.run(WebSocketThread.java:45) ~[nv-websocket-client-2.14.jar:na]

2022-05-06 09:42:18.775  INFO 25000 --- [main] n.g.groogagle.GroogagleApplication       : Starting GroogagleApplication using Java 17.0.1 on EaglePC with PID 25000 (C:\Users\garag\Documents\PurpleTeam\groogagle-jda\target\classes started by garag in C:\Users\garag\Documents\PurpleTeam\groogagle-jda)
2022-05-06 09:42:18.777  INFO 25000 --- [main] n.g.groogagle.GroogagleApplication       : No active profile set, falling back to 1 default profile: "default"
2022-05-06 09:42:19.266  WARN 25000 --- [main] net.dv8tion.jda.api.JDA                  : Automatically disabled CacheFlags due to missing intents
2022-05-06 09:42:19.267  WARN 25000 --- [main] net.dv8tion.jda.api.JDA                  : Disabled CacheFlag.VOICE_STATE (missing GatewayIntent.GUILD_VOICE_STATES)
2022-05-06 09:42:19.267  WARN 25000 --- [main] net.dv8tion.jda.api.JDA                  : Disabled CacheFlag.EMOTE (missing GatewayIntent.GUILD_EMOJIS)
2022-05-06 09:42:19.267  WARN 25000 --- [main] net.dv8tion.jda.api.JDA                  : You can manually disable these flags to remove this warning by using disableCache(CacheFlag.VOICE_STATE, CacheFlag.EMOTE) on your JDABuilder
2022-05-06 09:42:19.994  INFO 25000 --- [main] net.dv8tion.jda.api.JDA                  : Login Successful!
2022-05-06 09:42:20.195  INFO 25000 --- [JDA MainWS-ReadThread] n.d.j.internal.requests.WebSocketClient  : Connected to WebSocket
2022-05-06 09:42:20.376  INFO 25000 --- [JDA MainWS-ReadThread] net.dv8tion.jda.api.JDA                  : Finished Loading!
2022-05-06 09:42:20.417  INFO 25000 --- [main] n.g.groogagle.meta.SlashCommandAttacher  : Registering Slash Command "ping"
2022-05-06 09:42:20.423  INFO 25000 --- [main] n.g.groogagle.meta.SlashCommandAttacher  : Registering Slash Command "say"
2022-05-06 09:42:20.498  INFO 25000 --- [main] n.g.groogagle.GroogagleApplication       : Started GroogagleApplication in 2.099 seconds (JVM running for 2.369)
2022-05-06 09:42:46.720  INFO 14124 --- [main] n.g.groogagle.GroogagleApplication       : Starting GroogagleApplication using Java 17.0.1 on EaglePC with PID 14124 (C:\Users\garag\Documents\PurpleTeam\groogagle-jda\target\classes started by garag in C:\Users\garag\Documents\PurpleTeam\groogagle-jda)
2022-05-06 09:42:46.722  INFO 14124 --- [main] n.g.groogagle.GroogagleApplication       : No active profile set, falling back to 1 default profile: "default"
2022-05-06 09:42:47.216  WARN 14124 --- [main] net.dv8tion.jda.api.JDA                  : Automatically disabled CacheFlags due to missing intents
2022-05-06 09:42:47.216  WARN 14124 --- [main] net.dv8tion.jda.api.JDA                  : Disabled CacheFlag.VOICE_STATE (missing GatewayIntent.GUILD_VOICE_STATES)
2022-05-06 09:42:47.216  WARN 14124 --- [main] net.dv8tion.jda.api.JDA                  : Disabled CacheFlag.EMOTE (missing GatewayIntent.GUILD_EMOJIS)
2022-05-06 09:42:47.217  WARN 14124 --- [main] net.dv8tion.jda.api.JDA                  : You can manually disable these flags to remove this warning by using disableCache(CacheFlag.VOICE_STATE, CacheFlag.EMOTE) on your JDABuilder
2022-05-06 09:42:47.986  INFO 14124 --- [main] net.dv8tion.jda.api.JDA                  : Login Successful!
2022-05-06 09:42:48.241  INFO 14124 --- [JDA MainWS-ReadThread] n.d.j.internal.requests.WebSocketClient  : Connected to WebSocket
2022-05-06 09:42:48.420  INFO 14124 --- [JDA MainWS-ReadThread] net.dv8tion.jda.api.JDA                  : Finished Loading!
2022-05-06 09:42:48.465  INFO 14124 --- [main] n.g.groogagle.meta.SlashCommandAttacher  : Registering Slash Command "ping"
2022-05-06 09:42:48.470  INFO 14124 --- [main] n.g.groogagle.meta.SlashCommandAttacher  : Registering Slash Command "say"
2022-05-06 09:42:48.539  INFO 14124 --- [main] n.g.groogagle.GroogagleApplication       : Started GroogagleApplication in 2.258 seconds (JVM running for 2.529)
2022-05-06 09:52:39.426 ERROR 14124 --- [JDA MainWS-ReadThread] net.dv8tion.jda.api.JDA                  : One of the EventListeners had an uncaught exception

java.lang.NullPointerException: Cannot invoke "net.dv8tion.jda.api.entities.TextChannel.getAsMention()" because "welcome_channel" is null
	at net.garageagle.groogagle.listeners.JoinLogsListener.onGuildMemberJoin(JoinLogsListener.java:35) ~[classes/:na]
	at net.dv8tion.jda.api.hooks.ListenerAdapter.onEvent(ListenerAdapter.java:361) ~[JDA-5.0.0-alpha.11.jar:5.0.0-alpha.11]
	at net.dv8tion.jda.api.hooks.InterfacedEventManager.handle(InterfacedEventManager.java:96) ~[JDA-5.0.0-alpha.11.jar:5.0.0-alpha.11]
	at net.dv8tion.jda.internal.hooks.EventManagerProxy.handleInternally(EventManagerProxy.java:88) ~[JDA-5.0.0-alpha.11.jar:5.0.0-alpha.11]
	at net.dv8tion.jda.internal.hooks.EventManagerProxy.handle(EventManagerProxy.java:70) ~[JDA-5.0.0-alpha.11.jar:5.0.0-alpha.11]
	at net.dv8tion.jda.internal.JDAImpl.handleEvent(JDAImpl.java:164) ~[JDA-5.0.0-alpha.11.jar:5.0.0-alpha.11]
	at net.dv8tion.jda.internal.handle.GuildMemberAddHandler.handleInternally(GuildMemberAddHandler.java:52) ~[JDA-5.0.0-alpha.11.jar:5.0.0-alpha.11]
	at net.dv8tion.jda.internal.handle.SocketHandler.handle(SocketHandler.java:36) ~[JDA-5.0.0-alpha.11.jar:5.0.0-alpha.11]
	at net.dv8tion.jda.internal.requests.WebSocketClient.onDispatch(WebSocketClient.java:957) ~[JDA-5.0.0-alpha.11.jar:5.0.0-alpha.11]
	at net.dv8tion.jda.internal.requests.WebSocketClient.onEvent(WebSocketClient.java:844) ~[JDA-5.0.0-alpha.11.jar:5.0.0-alpha.11]
	at net.dv8tion.jda.internal.requests.WebSocketClient.handleEvent(WebSocketClient.java:822) ~[JDA-5.0.0-alpha.11.jar:5.0.0-alpha.11]
	at net.dv8tion.jda.internal.requests.WebSocketClient.onBinaryMessage(WebSocketClient.java:996) ~[JDA-5.0.0-alpha.11.jar:5.0.0-alpha.11]
	at com.neovisionaries.ws.client.ListenerManager.callOnBinaryMessage(ListenerManager.java:385) ~[nv-websocket-client-2.14.jar:na]
	at com.neovisionaries.ws.client.ReadingThread.callOnBinaryMessage(ReadingThread.java:276) ~[nv-websocket-client-2.14.jar:na]
	at com.neovisionaries.ws.client.ReadingThread.handleBinaryFrame(ReadingThread.java:996) ~[nv-websocket-client-2.14.jar:na]
	at com.neovisionaries.ws.client.ReadingThread.handleFrame(ReadingThread.java:755) ~[nv-websocket-client-2.14.jar:na]
	at com.neovisionaries.ws.client.ReadingThread.main(ReadingThread.java:108) ~[nv-websocket-client-2.14.jar:na]
	at com.neovisionaries.ws.client.ReadingThread.runMain(ReadingThread.java:64) ~[nv-websocket-client-2.14.jar:na]
	at com.neovisionaries.ws.client.WebSocketThread.run(WebSocketThread.java:45) ~[nv-websocket-client-2.14.jar:na]

2022-05-06 09:55:48.435  INFO 30960 --- [main] n.g.groogagle.GroogagleApplication       : Starting GroogagleApplication using Java 17.0.1 on EaglePC with PID 30960 (C:\Users\garag\Documents\PurpleTeam\groogagle-jda\target\classes started by garag in C:\Users\garag\Documents\PurpleTeam\groogagle-jda)
2022-05-06 09:55:48.437  INFO 30960 --- [main] n.g.groogagle.GroogagleApplication       : No active profile set, falling back to 1 default profile: "default"
2022-05-06 09:55:48.889  WARN 30960 --- [main] net.dv8tion.jda.api.JDA                  : Automatically disabled CacheFlags due to missing intents
2022-05-06 09:55:48.890  WARN 30960 --- [main] net.dv8tion.jda.api.JDA                  : Disabled CacheFlag.VOICE_STATE (missing GatewayIntent.GUILD_VOICE_STATES)
2022-05-06 09:55:48.891  WARN 30960 --- [main] net.dv8tion.jda.api.JDA                  : Disabled CacheFlag.EMOTE (missing GatewayIntent.GUILD_EMOJIS)
2022-05-06 09:55:48.891  WARN 30960 --- [main] net.dv8tion.jda.api.JDA                  : You can manually disable these flags to remove this warning by using disableCache(CacheFlag.VOICE_STATE, CacheFlag.EMOTE) on your JDABuilder
2022-05-06 09:55:49.875  INFO 30960 --- [main] net.dv8tion.jda.api.JDA                  : Login Successful!
2022-05-06 09:55:50.102  INFO 30960 --- [JDA MainWS-ReadThread] n.d.j.internal.requests.WebSocketClient  : Connected to WebSocket
2022-05-06 09:55:50.321  INFO 30960 --- [JDA MainWS-ReadThread] net.dv8tion.jda.api.JDA                  : Finished Loading!
2022-05-06 09:55:50.350  INFO 30960 --- [main] n.g.groogagle.meta.SlashCommandAttacher  : Registering Slash Command "ping"
2022-05-06 09:55:50.357  INFO 30960 --- [main] n.g.groogagle.meta.SlashCommandAttacher  : Registering Slash Command "say"
2022-05-06 09:55:50.424  INFO 30960 --- [main] n.g.groogagle.GroogagleApplication       : Started GroogagleApplication in 2.374 seconds (JVM running for 2.646)
2022-05-06 09:57:49.539  INFO 28820 --- [main] n.g.groogagle.GroogagleApplication       : Starting GroogagleApplication using Java 17.0.1 on EaglePC with PID 28820 (C:\Users\garag\Documents\PurpleTeam\groogagle-jda\target\classes started by garag in C:\Users\garag\Documents\PurpleTeam\groogagle-jda)
2022-05-06 09:57:49.541  INFO 28820 --- [main] n.g.groogagle.GroogagleApplication       : No active profile set, falling back to 1 default profile: "default"
2022-05-06 09:57:50.058  WARN 28820 --- [main] net.dv8tion.jda.api.JDA                  : Automatically disabled CacheFlags due to missing intents
2022-05-06 09:57:50.059  WARN 28820 --- [main] net.dv8tion.jda.api.JDA                  : Disabled CacheFlag.VOICE_STATE (missing GatewayIntent.GUILD_VOICE_STATES)
2022-05-06 09:57:50.059  WARN 28820 --- [main] net.dv8tion.jda.api.JDA                  : Disabled CacheFlag.EMOTE (missing GatewayIntent.GUILD_EMOJIS)
2022-05-06 09:57:50.059  WARN 28820 --- [main] net.dv8tion.jda.api.JDA                  : You can manually disable these flags to remove this warning by using disableCache(CacheFlag.VOICE_STATE, CacheFlag.EMOTE) on your JDABuilder
2022-05-06 09:57:50.842  INFO 28820 --- [main] net.dv8tion.jda.api.JDA                  : Login Successful!
2022-05-06 09:57:51.053  INFO 28820 --- [JDA MainWS-ReadThread] n.d.j.internal.requests.WebSocketClient  : Connected to WebSocket
2022-05-06 09:57:51.270  INFO 28820 --- [JDA MainWS-ReadThread] net.dv8tion.jda.api.JDA                  : Finished Loading!
2022-05-06 09:57:51.318  INFO 28820 --- [main] n.g.groogagle.meta.SlashCommandAttacher  : Registering Slash Command "ping"
2022-05-06 09:57:51.325  INFO 28820 --- [main] n.g.groogagle.meta.SlashCommandAttacher  : Registering Slash Command "say"
2022-05-06 09:57:51.390  INFO 28820 --- [main] n.g.groogagle.GroogagleApplication       : Started GroogagleApplication in 2.224 seconds (JVM running for 2.487)
2022-05-06 10:04:22.890  INFO 31912 --- [main] n.g.groogagle.GroogagleApplication       : Starting GroogagleApplication using Java 17.0.1 on EaglePC with PID 31912 (C:\Users\garag\Documents\PurpleTeam\groogagle-jda\target\classes started by garag in C:\Users\garag\Documents\PurpleTeam\groogagle-jda)
2022-05-06 10:04:22.892  INFO 31912 --- [main] n.g.groogagle.GroogagleApplication       : No active profile set, falling back to 1 default profile: "default"
2022-05-06 10:04:23.523  WARN 31912 --- [main] net.dv8tion.jda.api.JDA                  : Automatically disabled CacheFlags due to missing intents
2022-05-06 10:04:23.524  WARN 31912 --- [main] net.dv8tion.jda.api.JDA                  : Disabled CacheFlag.VOICE_STATE (missing GatewayIntent.GUILD_VOICE_STATES)
2022-05-06 10:04:23.524  WARN 31912 --- [main] net.dv8tion.jda.api.JDA                  : Disabled CacheFlag.EMOTE (missing GatewayIntent.GUILD_EMOJIS)
2022-05-06 10:04:23.525  WARN 31912 --- [main] net.dv8tion.jda.api.JDA                  : You can manually disable these flags to remove this warning by using disableCache(CacheFlag.VOICE_STATE, CacheFlag.EMOTE) on your JDABuilder
2022-05-06 10:04:24.391  INFO 31912 --- [main] net.dv8tion.jda.api.JDA                  : Login Successful!
2022-05-06 10:04:24.630  INFO 31912 --- [JDA MainWS-ReadThread] n.d.j.internal.requests.WebSocketClient  : Connected to WebSocket
2022-05-06 10:04:24.871  INFO 31912 --- [JDA MainWS-ReadThread] net.dv8tion.jda.api.JDA                  : Finished Loading!
2022-05-06 10:04:24.937  INFO 31912 --- [main] n.g.groogagle.meta.SlashCommandAttacher  : Registering Slash Command "ping"
2022-05-06 10:04:24.944  INFO 31912 --- [main] n.g.groogagle.meta.SlashCommandAttacher  : Registering Slash Command "say"
2022-05-06 10:04:25.037  INFO 31912 --- [main] n.g.groogagle.GroogagleApplication       : Started GroogagleApplication in 2.552 seconds (JVM running for 2.818)
2022-05-06 10:06:11.053  INFO 29120 --- [main] n.g.groogagle.GroogagleApplication       : Starting GroogagleApplication using Java 17.0.1 on EaglePC with PID 29120 (C:\Users\garag\Documents\PurpleTeam\groogagle-jda\target\classes started by garag in C:\Users\garag\Documents\PurpleTeam\groogagle-jda)
2022-05-06 10:06:11.055  INFO 29120 --- [main] n.g.groogagle.GroogagleApplication       : No active profile set, falling back to 1 default profile: "default"
2022-05-06 10:06:11.578  WARN 29120 --- [main] net.dv8tion.jda.api.JDA                  : Automatically disabled CacheFlags due to missing intents
2022-05-06 10:06:11.579  WARN 29120 --- [main] net.dv8tion.jda.api.JDA                  : Disabled CacheFlag.VOICE_STATE (missing GatewayIntent.GUILD_VOICE_STATES)
2022-05-06 10:06:11.579  WARN 29120 --- [main] net.dv8tion.jda.api.JDA                  : Disabled CacheFlag.EMOTE (missing GatewayIntent.GUILD_EMOJIS)
2022-05-06 10:06:11.579  WARN 29120 --- [main] net.dv8tion.jda.api.JDA                  : You can manually disable these flags to remove this warning by using disableCache(CacheFlag.VOICE_STATE, CacheFlag.EMOTE) on your JDABuilder
2022-05-06 10:06:12.337  INFO 29120 --- [main] net.dv8tion.jda.api.JDA                  : Login Successful!
2022-05-06 10:06:12.568  INFO 29120 --- [JDA MainWS-ReadThread] n.d.j.internal.requests.WebSocketClient  : Connected to WebSocket
2022-05-06 10:06:12.785  INFO 29120 --- [JDA MainWS-ReadThread] net.dv8tion.jda.api.JDA                  : Finished Loading!
2022-05-06 10:06:12.875  INFO 29120 --- [main] n.g.groogagle.meta.SlashCommandAttacher  : Registering Slash Command "ping"
2022-05-06 10:06:12.880  INFO 29120 --- [main] n.g.groogagle.meta.SlashCommandAttacher  : Registering Slash Command "say"
2022-05-06 10:06:12.965  INFO 29120 --- [main] n.g.groogagle.GroogagleApplication       : Started GroogagleApplication in 2.363 seconds (JVM running for 2.632)
2022-05-06 10:06:56.275  INFO 24000 --- [main] n.g.groogagle.GroogagleApplication       : Starting GroogagleApplication using Java 17.0.1 on EaglePC with PID 24000 (C:\Users\garag\Documents\PurpleTeam\groogagle-jda\target\classes started by garag in C:\Users\garag\Documents\PurpleTeam\groogagle-jda)
2022-05-06 10:06:56.279  INFO 24000 --- [main] n.g.groogagle.GroogagleApplication       : No active profile set, falling back to 1 default profile: "default"
2022-05-06 10:06:56.825  WARN 24000 --- [main] net.dv8tion.jda.api.JDA                  : Automatically disabled CacheFlags due to missing intents
2022-05-06 10:06:56.826  WARN 24000 --- [main] net.dv8tion.jda.api.JDA                  : Disabled CacheFlag.VOICE_STATE (missing GatewayIntent.GUILD_VOICE_STATES)
2022-05-06 10:06:56.826  WARN 24000 --- [main] net.dv8tion.jda.api.JDA                  : Disabled CacheFlag.EMOTE (missing GatewayIntent.GUILD_EMOJIS)
2022-05-06 10:06:56.827  WARN 24000 --- [main] net.dv8tion.jda.api.JDA                  : You can manually disable these flags to remove this warning by using disableCache(CacheFlag.VOICE_STATE, CacheFlag.EMOTE) on your JDABuilder
2022-05-06 10:06:57.595  INFO 24000 --- [main] net.dv8tion.jda.api.JDA                  : Login Successful!
2022-05-06 10:06:57.807  INFO 24000 --- [JDA MainWS-ReadThread] n.d.j.internal.requests.WebSocketClient  : Connected to WebSocket
2022-05-06 10:06:57.994  INFO 24000 --- [JDA MainWS-ReadThread] net.dv8tion.jda.api.JDA                  : Finished Loading!
2022-05-06 10:06:58.078  INFO 24000 --- [main] n.g.groogagle.meta.SlashCommandAttacher  : Registering Slash Command "ping"
2022-05-06 10:06:58.082  INFO 24000 --- [main] n.g.groogagle.meta.SlashCommandAttacher  : Registering Slash Command "say"
2022-05-06 10:06:58.147  INFO 24000 --- [main] n.g.groogagle.GroogagleApplication       : Started GroogagleApplication in 2.276 seconds (JVM running for 2.607)
2022-05-06 10:07:16.997  INFO 25668 --- [main] n.g.groogagle.GroogagleApplication       : Starting GroogagleApplication using Java 17.0.1 on EaglePC with PID 25668 (C:\Users\garag\Documents\PurpleTeam\groogagle-jda\target\classes started by garag in C:\Users\garag\Documents\PurpleTeam\groogagle-jda)
2022-05-06 10:07:16.999  INFO 25668 --- [main] n.g.groogagle.GroogagleApplication       : No active profile set, falling back to 1 default profile: "default"
2022-05-06 10:07:17.492  WARN 25668 --- [main] net.dv8tion.jda.api.JDA                  : Automatically disabled CacheFlags due to missing intents
2022-05-06 10:07:17.493  WARN 25668 --- [main] net.dv8tion.jda.api.JDA                  : Disabled CacheFlag.VOICE_STATE (missing GatewayIntent.GUILD_VOICE_STATES)
2022-05-06 10:07:17.493  WARN 25668 --- [main] net.dv8tion.jda.api.JDA                  : Disabled CacheFlag.EMOTE (missing GatewayIntent.GUILD_EMOJIS)
2022-05-06 10:07:17.493  WARN 25668 --- [main] net.dv8tion.jda.api.JDA                  : You can manually disable these flags to remove this warning by using disableCache(CacheFlag.VOICE_STATE, CacheFlag.EMOTE) on your JDABuilder
2022-05-06 10:07:18.188  INFO 25668 --- [main] net.dv8tion.jda.api.JDA                  : Login Successful!
2022-05-06 10:07:18.391  INFO 25668 --- [JDA MainWS-ReadThread] n.d.j.internal.requests.WebSocketClient  : Connected to WebSocket
2022-05-06 10:07:18.546  INFO 25668 --- [JDA MainWS-ReadThread] net.dv8tion.jda.api.JDA                  : Finished Loading!
2022-05-06 10:07:18.595  INFO 25668 --- [main] n.g.groogagle.meta.SlashCommandAttacher  : Registering Slash Command "ping"
2022-05-06 10:07:18.599  INFO 25668 --- [main] n.g.groogagle.meta.SlashCommandAttacher  : Registering Slash Command "say"
2022-05-06 10:07:18.681  INFO 25668 --- [main] n.g.groogagle.GroogagleApplication       : Started GroogagleApplication in 2.063 seconds (JVM running for 2.358)
2022-05-06 10:07:59.285  INFO 31624 --- [main] n.g.groogagle.GroogagleApplication       : Starting GroogagleApplication using Java 17.0.1 on EaglePC with PID 31624 (C:\Users\garag\Documents\PurpleTeam\groogagle-jda\target\classes started by garag in C:\Users\garag\Documents\PurpleTeam\groogagle-jda)
2022-05-06 10:07:59.288  INFO 31624 --- [main] n.g.groogagle.GroogagleApplication       : No active profile set, falling back to 1 default profile: "default"
2022-05-06 10:07:59.783  WARN 31624 --- [main] net.dv8tion.jda.api.JDA                  : Automatically disabled CacheFlags due to missing intents
2022-05-06 10:07:59.784  WARN 31624 --- [main] net.dv8tion.jda.api.JDA                  : Disabled CacheFlag.VOICE_STATE (missing GatewayIntent.GUILD_VOICE_STATES)
2022-05-06 10:07:59.784  WARN 31624 --- [main] net.dv8tion.jda.api.JDA                  : Disabled CacheFlag.EMOTE (missing GatewayIntent.GUILD_EMOJIS)
2022-05-06 10:07:59.784  WARN 31624 --- [main] net.dv8tion.jda.api.JDA                  : You can manually disable these flags to remove this warning by using disableCache(CacheFlag.VOICE_STATE, CacheFlag.EMOTE) on your JDABuilder
2022-05-06 10:08:00.500  INFO 31624 --- [main] net.dv8tion.jda.api.JDA                  : Login Successful!
2022-05-06 10:08:00.717  INFO 31624 --- [JDA MainWS-ReadThread] n.d.j.internal.requests.WebSocketClient  : Connected to WebSocket
2022-05-06 10:08:01.219  INFO 31624 --- [JDA MainWS-ReadThread] net.dv8tion.jda.api.JDA                  : Finished Loading!
2022-05-06 10:08:01.273  INFO 31624 --- [main] n.g.groogagle.meta.SlashCommandAttacher  : Registering Slash Command "ping"
2022-05-06 10:08:01.277  INFO 31624 --- [main] n.g.groogagle.meta.SlashCommandAttacher  : Registering Slash Command "say"
2022-05-06 10:08:01.344  INFO 31624 --- [main] n.g.groogagle.GroogagleApplication       : Started GroogagleApplication in 2.478 seconds (JVM running for 2.759)
2022-05-06 10:14:39.075  INFO 14436 --- [main] n.g.groogagle.GroogagleApplication       : Starting GroogagleApplication using Java 17.0.1 on EaglePC with PID 14436 (C:\Users\garag\Documents\PurpleTeam\groogagle-jda\target\classes started by garag in C:\Users\garag\Documents\PurpleTeam\groogagle-jda)
2022-05-06 10:14:39.077  INFO 14436 --- [main] n.g.groogagle.GroogagleApplication       : No active profile set, falling back to 1 default profile: "default"
2022-05-06 10:14:39.539  WARN 14436 --- [main] net.dv8tion.jda.api.JDA                  : Automatically disabled CacheFlags due to missing intents
2022-05-06 10:14:39.540  WARN 14436 --- [main] net.dv8tion.jda.api.JDA                  : Disabled CacheFlag.VOICE_STATE (missing GatewayIntent.GUILD_VOICE_STATES)
2022-05-06 10:14:39.540  WARN 14436 --- [main] net.dv8tion.jda.api.JDA                  : Disabled CacheFlag.EMOTE (missing GatewayIntent.GUILD_EMOJIS)
2022-05-06 10:14:39.540  WARN 14436 --- [main] net.dv8tion.jda.api.JDA                  : You can manually disable these flags to remove this warning by using disableCache(CacheFlag.VOICE_STATE, CacheFlag.EMOTE) on your JDABuilder
2022-05-06 10:14:40.237  INFO 14436 --- [main] net.dv8tion.jda.api.JDA                  : Login Successful!
2022-05-06 10:14:40.461  INFO 14436 --- [JDA MainWS-ReadThread] n.d.j.internal.requests.WebSocketClient  : Connected to WebSocket
2022-05-06 10:14:40.795  INFO 14436 --- [JDA MainWS-ReadThread] net.dv8tion.jda.api.JDA                  : Finished Loading!
2022-05-06 10:14:40.850  INFO 14436 --- [main] n.g.groogagle.meta.SlashCommandAttacher  : Registering Slash Command "ping"
2022-05-06 10:14:40.856  INFO 14436 --- [main] n.g.groogagle.meta.SlashCommandAttacher  : Registering Slash Command "say"
2022-05-06 10:14:40.944  INFO 14436 --- [main] n.g.groogagle.GroogagleApplication       : Started GroogagleApplication in 2.242 seconds (JVM running for 2.505)
2022-05-06 10:29:09.275  INFO 26396 --- [main] n.g.g.GroogagleJdaApplicationTests       : Starting GroogagleJdaApplicationTests using Java 17.0.1 on EaglePC with PID 26396 (started by garag in C:\Users\garag\Documents\PurpleTeam\groogagle-jda)
2022-05-06 10:29:09.276  INFO 26396 --- [main] n.g.g.GroogagleJdaApplicationTests       : No active profile set, falling back to 1 default profile: "default"
2022-05-06 10:29:09.718  WARN 26396 --- [main] net.dv8tion.jda.api.JDA                  : Automatically disabled CacheFlags due to missing intents
2022-05-06 10:29:09.719  WARN 26396 --- [main] net.dv8tion.jda.api.JDA                  : Disabled CacheFlag.VOICE_STATE (missing GatewayIntent.GUILD_VOICE_STATES)
2022-05-06 10:29:09.719  WARN 26396 --- [main] net.dv8tion.jda.api.JDA                  : Disabled CacheFlag.EMOTE (missing GatewayIntent.GUILD_EMOJIS)
2022-05-06 10:29:09.719  WARN 26396 --- [main] net.dv8tion.jda.api.JDA                  : You can manually disable these flags to remove this warning by using disableCache(CacheFlag.VOICE_STATE, CacheFlag.EMOTE) on your JDABuilder
2022-05-06 10:29:10.465  INFO 26396 --- [main] net.dv8tion.jda.api.JDA                  : Login Successful!
2022-05-06 10:29:10.711  INFO 26396 --- [JDA MainWS-ReadThread] n.d.j.internal.requests.WebSocketClient  : Connected to WebSocket
2022-05-06 10:29:10.890  INFO 26396 --- [JDA MainWS-ReadThread] net.dv8tion.jda.api.JDA                  : Finished Loading!
2022-05-06 10:29:10.963  INFO 26396 --- [main] n.g.groogagle.meta.SlashCommandAttacher  : Registering Slash Command "ping"
2022-05-06 10:29:10.969  INFO 26396 --- [main] n.g.groogagle.meta.SlashCommandAttacher  : Registering Slash Command "say"
2022-05-06 10:29:11.054  INFO 26396 --- [main] n.g.g.GroogagleJdaApplicationTests       : Started GroogagleJdaApplicationTests in 2.104 seconds (JVM running for 2.821)
2022-05-06 10:35:09.039  INFO 28240 --- [main] n.g.groogagle.GroogagleApplication       : Starting GroogagleApplication using Java 17.0.1 on EaglePC with PID 28240 (C:\Users\garag\Documents\PurpleTeam\groogagle-jda\target\classes started by garag in C:\Users\garag\Documents\PurpleTeam\groogagle-jda)
2022-05-06 10:35:09.043  INFO 28240 --- [main] n.g.groogagle.GroogagleApplication       : No active profile set, falling back to 1 default profile: "default"
2022-05-06 10:35:09.552  WARN 28240 --- [main] net.dv8tion.jda.api.JDA                  : Automatically disabled CacheFlags due to missing intents
2022-05-06 10:35:09.553  WARN 28240 --- [main] net.dv8tion.jda.api.JDA                  : Disabled CacheFlag.VOICE_STATE (missing GatewayIntent.GUILD_VOICE_STATES)
2022-05-06 10:35:09.553  WARN 28240 --- [main] net.dv8tion.jda.api.JDA                  : Disabled CacheFlag.EMOTE (missing GatewayIntent.GUILD_EMOJIS)
2022-05-06 10:35:09.554  WARN 28240 --- [main] net.dv8tion.jda.api.JDA                  : You can manually disable these flags to remove this warning by using disableCache(CacheFlag.VOICE_STATE, CacheFlag.EMOTE) on your JDABuilder
2022-05-06 10:35:10.284  INFO 28240 --- [main] net.dv8tion.jda.api.JDA                  : Login Successful!
2022-05-06 10:35:10.529  INFO 28240 --- [JDA MainWS-ReadThread] n.d.j.internal.requests.WebSocketClient  : Connected to WebSocket
2022-05-06 10:35:10.688  INFO 28240 --- [JDA MainWS-ReadThread] net.dv8tion.jda.api.JDA                  : Finished Loading!
2022-05-06 10:35:10.761  INFO 28240 --- [main] n.g.groogagle.meta.SlashCommandAttacher  : Registering Slash Command "ping"
2022-05-06 10:35:10.768  INFO 28240 --- [main] n.g.groogagle.meta.SlashCommandAttacher  : Registering Slash Command "say"
2022-05-06 10:35:10.840  INFO 28240 --- [main] n.g.groogagle.GroogagleApplication       : Started GroogagleApplication in 2.201 seconds (JVM running for 2.539)
2022-05-06 10:35:41.034  INFO 31108 --- [main] n.g.groogagle.GroogagleApplication       : Starting GroogagleApplication using Java 17.0.1 on EaglePC with PID 31108 (C:\Users\garag\Documents\PurpleTeam\groogagle-jda\target\classes started by garag in C:\Users\garag\Documents\PurpleTeam\groogagle-jda)
2022-05-06 10:35:41.037  INFO 31108 --- [main] n.g.groogagle.GroogagleApplication       : No active profile set, falling back to 1 default profile: "default"
2022-05-06 10:35:41.498  WARN 31108 --- [main] net.dv8tion.jda.api.JDA                  : Automatically disabled CacheFlags due to missing intents
2022-05-06 10:35:41.499  WARN 31108 --- [main] net.dv8tion.jda.api.JDA                  : Disabled CacheFlag.VOICE_STATE (missing GatewayIntent.GUILD_VOICE_STATES)
2022-05-06 10:35:41.500  WARN 31108 --- [main] net.dv8tion.jda.api.JDA                  : Disabled CacheFlag.EMOTE (missing GatewayIntent.GUILD_EMOJIS)
2022-05-06 10:35:41.500  WARN 31108 --- [main] net.dv8tion.jda.api.JDA                  : You can manually disable these flags to remove this warning by using disableCache(CacheFlag.VOICE_STATE, CacheFlag.EMOTE) on your JDABuilder
2022-05-06 10:35:42.157  INFO 31108 --- [main] net.dv8tion.jda.api.JDA                  : Login Successful!
2022-05-06 10:35:42.363  INFO 31108 --- [JDA MainWS-WriteThread] n.d.j.internal.requests.WebSocketClient  : Connected to WebSocket
2022-05-06 10:35:42.580  INFO 31108 --- [JDA MainWS-ReadThread] net.dv8tion.jda.api.JDA                  : Finished Loading!
2022-05-06 10:35:42.628  INFO 31108 --- [main] n.g.groogagle.meta.SlashCommandAttacher  : Registering Slash Command "ping"
2022-05-06 10:35:42.631  INFO 31108 --- [main] n.g.groogagle.meta.SlashCommandAttacher  : Registering Slash Command "say"
2022-05-06 10:35:42.699  INFO 31108 --- [main] n.g.groogagle.GroogagleApplication       : Started GroogagleApplication in 2.053 seconds (JVM running for 2.326)
2022-05-06 10:38:47.927  INFO 4736 --- [main] n.g.groogagle.GroogagleApplication       : Starting GroogagleApplication using Java 17.0.1 on EaglePC with PID 4736 (C:\Users\garag\Documents\PurpleTeam\groogagle-jda\target\classes started by garag in C:\Users\garag\Documents\PurpleTeam\groogagle-jda)
2022-05-06 10:38:47.930  INFO 4736 --- [main] n.g.groogagle.GroogagleApplication       : No active profile set, falling back to 1 default profile: "default"
2022-05-06 10:38:48.388  WARN 4736 --- [main] net.dv8tion.jda.api.JDA                  : Automatically disabled CacheFlags due to missing intents
2022-05-06 10:38:48.389  WARN 4736 --- [main] net.dv8tion.jda.api.JDA                  : Disabled CacheFlag.VOICE_STATE (missing GatewayIntent.GUILD_VOICE_STATES)
2022-05-06 10:38:48.389  WARN 4736 --- [main] net.dv8tion.jda.api.JDA                  : Disabled CacheFlag.EMOTE (missing GatewayIntent.GUILD_EMOJIS)
2022-05-06 10:38:48.389  WARN 4736 --- [main] net.dv8tion.jda.api.JDA                  : You can manually disable these flags to remove this warning by using disableCache(CacheFlag.VOICE_STATE, CacheFlag.EMOTE) on your JDABuilder
2022-05-06 10:38:49.075  INFO 4736 --- [main] net.dv8tion.jda.api.JDA                  : Login Successful!
2022-05-06 10:38:49.305  INFO 4736 --- [JDA MainWS-WriteThread] n.d.j.internal.requests.WebSocketClient  : Connected to WebSocket
2022-05-06 10:38:49.554  INFO 4736 --- [JDA MainWS-ReadThread] net.dv8tion.jda.api.JDA                  : Finished Loading!
2022-05-06 10:38:49.619  INFO 4736 --- [main] n.g.groogagle.meta.SlashCommandAttacher  : Registering Slash Command "ping"
2022-05-06 10:38:49.626  INFO 4736 --- [main] n.g.groogagle.meta.SlashCommandAttacher  : Registering Slash Command "say"
2022-05-06 10:38:49.715  INFO 4736 --- [main] n.g.groogagle.GroogagleApplication       : Started GroogagleApplication in 2.172 seconds (JVM running for 2.448)
2022-05-06 10:38:59.144  INFO 24004 --- [main] n.g.groogagle.GroogagleApplication       : Starting GroogagleApplication using Java 17.0.1 on EaglePC with PID 24004 (C:\Users\garag\Documents\PurpleTeam\groogagle-jda\target\classes started by garag in C:\Users\garag\Documents\PurpleTeam\groogagle-jda)
2022-05-06 10:38:59.147  INFO 24004 --- [main] n.g.groogagle.GroogagleApplication       : No active profile set, falling back to 1 default profile: "default"
2022-05-06 10:38:59.599  WARN 24004 --- [main] net.dv8tion.jda.api.JDA                  : Automatically disabled CacheFlags due to missing intents
2022-05-06 10:38:59.600  WARN 24004 --- [main] net.dv8tion.jda.api.JDA                  : Disabled CacheFlag.VOICE_STATE (missing GatewayIntent.GUILD_VOICE_STATES)
2022-05-06 10:38:59.600  WARN 24004 --- [main] net.dv8tion.jda.api.JDA                  : Disabled CacheFlag.EMOTE (missing GatewayIntent.GUILD_EMOJIS)
2022-05-06 10:38:59.601  WARN 24004 --- [main] net.dv8tion.jda.api.JDA                  : You can manually disable these flags to remove this warning by using disableCache(CacheFlag.VOICE_STATE, CacheFlag.EMOTE) on your JDABuilder
2022-05-06 10:39:00.251  INFO 24004 --- [main] net.dv8tion.jda.api.JDA                  : Login Successful!
2022-05-06 10:39:00.477  INFO 24004 --- [JDA MainWS-ReadThread] n.d.j.internal.requests.WebSocketClient  : Connected to WebSocket
2022-05-06 10:39:00.687  INFO 24004 --- [JDA MainWS-ReadThread] net.dv8tion.jda.api.JDA                  : Finished Loading!
2022-05-06 10:39:00.747  INFO 24004 --- [main] n.g.groogagle.meta.SlashCommandAttacher  : Registering Slash Command "ping"
2022-05-06 10:39:00.753  INFO 24004 --- [main] n.g.groogagle.meta.SlashCommandAttacher  : Registering Slash Command "say"
2022-05-06 10:39:00.834  INFO 24004 --- [main] n.g.groogagle.GroogagleApplication       : Started GroogagleApplication in 2.069 seconds (JVM running for 2.349)
2022-05-06 10:39:47.964  INFO 13812 --- [main] n.g.groogagle.GroogagleApplication       : Starting GroogagleApplication using Java 17.0.1 on EaglePC with PID 13812 (C:\Users\garag\Documents\PurpleTeam\groogagle-jda\target\classes started by garag in C:\Users\garag\Documents\PurpleTeam\groogagle-jda)
2022-05-06 10:39:47.966  INFO 13812 --- [main] n.g.groogagle.GroogagleApplication       : No active profile set, falling back to 1 default profile: "default"
2022-05-06 10:39:48.435  WARN 13812 --- [main] net.dv8tion.jda.api.JDA                  : Automatically disabled CacheFlags due to missing intents
2022-05-06 10:39:48.436  WARN 13812 --- [main] net.dv8tion.jda.api.JDA                  : Disabled CacheFlag.VOICE_STATE (missing GatewayIntent.GUILD_VOICE_STATES)
2022-05-06 10:39:48.436  WARN 13812 --- [main] net.dv8tion.jda.api.JDA                  : Disabled CacheFlag.EMOTE (missing GatewayIntent.GUILD_EMOJIS)
2022-05-06 10:39:48.436  WARN 13812 --- [main] net.dv8tion.jda.api.JDA                  : You can manually disable these flags to remove this warning by using disableCache(CacheFlag.VOICE_STATE, CacheFlag.EMOTE) on your JDABuilder
2022-05-06 10:39:49.131  INFO 13812 --- [main] net.dv8tion.jda.api.JDA                  : Login Successful!
2022-05-06 10:39:49.347  INFO 13812 --- [JDA MainWS-ReadThread] n.d.j.internal.requests.WebSocketClient  : Connected to WebSocket
2022-05-06 10:39:49.530  INFO 13812 --- [JDA MainWS-ReadThread] net.dv8tion.jda.api.JDA                  : Finished Loading!
2022-05-06 10:39:49.620  INFO 13812 --- [main] n.g.groogagle.meta.SlashCommandAttacher  : Registering Slash Command "ping"
2022-05-06 10:39:49.625  INFO 13812 --- [main] n.g.groogagle.meta.SlashCommandAttacher  : Registering Slash Command "say"
2022-05-06 10:39:49.708  INFO 13812 --- [main] n.g.groogagle.GroogagleApplication       : Started GroogagleApplication in 2.105 seconds (JVM running for 2.372)
2022-05-06 10:40:08.430  INFO 28364 --- [main] n.g.groogagle.GroogagleApplication       : Starting GroogagleApplication using Java 17.0.1 on EaglePC with PID 28364 (C:\Users\garag\Documents\PurpleTeam\groogagle-jda\target\classes started by garag in C:\Users\garag\Documents\PurpleTeam\groogagle-jda)
2022-05-06 10:40:08.433  INFO 28364 --- [main] n.g.groogagle.GroogagleApplication       : No active profile set, falling back to 1 default profile: "default"
2022-05-06 10:40:08.872  WARN 28364 --- [main] net.dv8tion.jda.api.JDA                  : Automatically disabled CacheFlags due to missing intents
2022-05-06 10:40:08.873  WARN 28364 --- [main] net.dv8tion.jda.api.JDA                  : Disabled CacheFlag.VOICE_STATE (missing GatewayIntent.GUILD_VOICE_STATES)
2022-05-06 10:40:08.873  WARN 28364 --- [main] net.dv8tion.jda.api.JDA                  : Disabled CacheFlag.EMOTE (missing GatewayIntent.GUILD_EMOJIS)
2022-05-06 10:40:08.874  WARN 28364 --- [main] net.dv8tion.jda.api.JDA                  : You can manually disable these flags to remove this warning by using disableCache(CacheFlag.VOICE_STATE, CacheFlag.EMOTE) on your JDABuilder
2022-05-06 10:40:09.532  INFO 28364 --- [main] net.dv8tion.jda.api.JDA                  : Login Successful!
2022-05-06 10:40:09.772  INFO 28364 --- [JDA MainWS-WriteThread] n.d.j.internal.requests.WebSocketClient  : Connected to WebSocket
2022-05-06 10:40:09.943  INFO 28364 --- [JDA MainWS-ReadThread] net.dv8tion.jda.api.JDA                  : Finished Loading!
2022-05-06 10:40:10.034  INFO 28364 --- [main] n.g.groogagle.meta.SlashCommandAttacher  : Registering Slash Command "ping"
2022-05-06 10:40:10.039  INFO 28364 --- [main] n.g.groogagle.meta.SlashCommandAttacher  : Registering Slash Command "say"
2022-05-06 10:40:10.104  INFO 28364 --- [main] n.g.groogagle.GroogagleApplication       : Started GroogagleApplication in 2.052 seconds (JVM running for 2.313)
2022-05-06 10:40:50.210  INFO 19100 --- [main] n.g.groogagle.GroogagleApplication       : Starting GroogagleApplication using Java 17.0.1 on EaglePC with PID 19100 (C:\Users\garag\Documents\PurpleTeam\groogagle-jda\target\classes started by garag in C:\Users\garag\Documents\PurpleTeam\groogagle-jda)
2022-05-06 10:40:50.213  INFO 19100 --- [main] n.g.groogagle.GroogagleApplication       : No active profile set, falling back to 1 default profile: "default"
2022-05-06 10:40:50.689  WARN 19100 --- [main] net.dv8tion.jda.api.JDA                  : Automatically disabled CacheFlags due to missing intents
2022-05-06 10:40:50.690  WARN 19100 --- [main] net.dv8tion.jda.api.JDA                  : Disabled CacheFlag.VOICE_STATE (missing GatewayIntent.GUILD_VOICE_STATES)
2022-05-06 10:40:50.690  WARN 19100 --- [main] net.dv8tion.jda.api.JDA                  : Disabled CacheFlag.EMOTE (missing GatewayIntent.GUILD_EMOJIS)
2022-05-06 10:40:50.690  WARN 19100 --- [main] net.dv8tion.jda.api.JDA                  : You can manually disable these flags to remove this warning by using disableCache(CacheFlag.VOICE_STATE, CacheFlag.EMOTE) on your JDABuilder
2022-05-06 10:40:51.375  INFO 19100 --- [main] net.dv8tion.jda.api.JDA                  : Login Successful!
2022-05-06 10:40:51.588  INFO 19100 --- [JDA MainWS-ReadThread] n.d.j.internal.requests.WebSocketClient  : Connected to WebSocket
2022-05-06 10:40:51.884  INFO 19100 --- [JDA MainWS-ReadThread] net.dv8tion.jda.api.JDA                  : Finished Loading!
2022-05-06 10:40:51.927  INFO 19100 --- [main] n.g.groogagle.meta.SlashCommandAttacher  : Registering Slash Command "ping"
2022-05-06 10:40:51.931  INFO 19100 --- [main] n.g.groogagle.meta.SlashCommandAttacher  : Registering Slash Command "say"
2022-05-06 10:40:52.017  INFO 19100 --- [main] n.g.groogagle.GroogagleApplication       : Started GroogagleApplication in 2.183 seconds (JVM running for 2.446)
2022-05-06 10:41:17.413  INFO 11968 --- [main] n.g.groogagle.GroogagleApplication       : Starting GroogagleApplication using Java 17.0.1 on EaglePC with PID 11968 (C:\Users\garag\Documents\PurpleTeam\groogagle-jda\target\classes started by garag in C:\Users\garag\Documents\PurpleTeam\groogagle-jda)
2022-05-06 10:41:17.416  INFO 11968 --- [main] n.g.groogagle.GroogagleApplication       : No active profile set, falling back to 1 default profile: "default"
2022-05-06 10:41:18.068  WARN 11968 --- [main] net.dv8tion.jda.api.JDA                  : Automatically disabled CacheFlags due to missing intents
2022-05-06 10:41:18.068  WARN 11968 --- [main] net.dv8tion.jda.api.JDA                  : Disabled CacheFlag.VOICE_STATE (missing GatewayIntent.GUILD_VOICE_STATES)
2022-05-06 10:41:18.068  WARN 11968 --- [main] net.dv8tion.jda.api.JDA                  : Disabled CacheFlag.EMOTE (missing GatewayIntent.GUILD_EMOJIS)
2022-05-06 10:41:18.069  WARN 11968 --- [main] net.dv8tion.jda.api.JDA                  : You can manually disable these flags to remove this warning by using disableCache(CacheFlag.VOICE_STATE, CacheFlag.EMOTE) on your JDABuilder
2022-05-06 10:41:18.696  INFO 11968 --- [main] net.dv8tion.jda.api.JDA                  : Login Successful!
2022-05-06 10:41:18.891  INFO 11968 --- [JDA MainWS-WriteThread] n.d.j.internal.requests.WebSocketClient  : Connected to WebSocket
2022-05-06 10:41:19.045  INFO 11968 --- [JDA MainWS-ReadThread] net.dv8tion.jda.api.JDA                  : Finished Loading!
2022-05-06 10:41:19.103  INFO 11968 --- [main] n.g.groogagle.meta.SlashCommandAttacher  : Registering Slash Command "ping"
2022-05-06 10:41:19.113  INFO 11968 --- [main] n.g.groogagle.meta.SlashCommandAttacher  : Registering Slash Command "say"
2022-05-06 10:41:19.195  INFO 11968 --- [main] n.g.groogagle.GroogagleApplication       : Started GroogagleApplication in 2.163 seconds (JVM running for 2.426)
2022-05-06 10:43:08.466  INFO 18476 --- [main] n.g.groogagle.GroogagleApplication       : Starting GroogagleApplication using Java 17.0.1 on EaglePC with PID 18476 (C:\Users\garag\Documents\PurpleTeam\groogagle-jda\target\classes started by garag in C:\Users\garag\Documents\PurpleTeam\groogagle-jda)
2022-05-06 10:43:08.468  INFO 18476 --- [main] n.g.groogagle.GroogagleApplication       : No active profile set, falling back to 1 default profile: "default"
2022-05-06 10:43:08.957  WARN 18476 --- [main] net.dv8tion.jda.api.JDA                  : Automatically disabled CacheFlags due to missing intents
2022-05-06 10:43:08.958  WARN 18476 --- [main] net.dv8tion.jda.api.JDA                  : Disabled CacheFlag.VOICE_STATE (missing GatewayIntent.GUILD_VOICE_STATES)
2022-05-06 10:43:08.959  WARN 18476 --- [main] net.dv8tion.jda.api.JDA                  : Disabled CacheFlag.EMOTE (missing GatewayIntent.GUILD_EMOJIS)
2022-05-06 10:43:08.959  WARN 18476 --- [main] net.dv8tion.jda.api.JDA                  : You can manually disable these flags to remove this warning by using disableCache(CacheFlag.VOICE_STATE, CacheFlag.EMOTE) on your JDABuilder
2022-05-06 10:43:09.740  INFO 18476 --- [main] net.dv8tion.jda.api.JDA                  : Login Successful!
2022-05-06 10:43:09.988  INFO 18476 --- [JDA MainWS-ReadThread] n.d.j.internal.requests.WebSocketClient  : Connected to WebSocket
2022-05-06 10:43:10.267  INFO 18476 --- [JDA MainWS-ReadThread] net.dv8tion.jda.api.JDA                  : Finished Loading!
2022-05-06 10:43:10.340  INFO 18476 --- [main] n.g.groogagle.meta.SlashCommandAttacher  : Registering Slash Command "ping"
2022-05-06 10:43:10.344  INFO 18476 --- [main] n.g.groogagle.meta.SlashCommandAttacher  : Registering Slash Command "say"
2022-05-06 10:43:10.428  INFO 18476 --- [main] n.g.groogagle.GroogagleApplication       : Started GroogagleApplication in 2.367 seconds (JVM running for 2.635)
2022-05-06 10:44:39.103  INFO 6212 --- [main] n.g.groogagle.GroogagleApplication       : Starting GroogagleApplication using Java 17.0.1 on EaglePC with PID 6212 (C:\Users\garag\Documents\PurpleTeam\groogagle-jda\target\classes started by garag in C:\Users\garag\Documents\PurpleTeam\groogagle-jda)
2022-05-06 10:44:39.106  INFO 6212 --- [main] n.g.groogagle.GroogagleApplication       : No active profile set, falling back to 1 default profile: "default"
2022-05-06 10:44:39.596  WARN 6212 --- [main] net.dv8tion.jda.api.JDA                  : Automatically disabled CacheFlags due to missing intents
2022-05-06 10:44:39.597  WARN 6212 --- [main] net.dv8tion.jda.api.JDA                  : Disabled CacheFlag.VOICE_STATE (missing GatewayIntent.GUILD_VOICE_STATES)
2022-05-06 10:44:39.597  WARN 6212 --- [main] net.dv8tion.jda.api.JDA                  : Disabled CacheFlag.EMOTE (missing GatewayIntent.GUILD_EMOJIS)
2022-05-06 10:44:39.597  WARN 6212 --- [main] net.dv8tion.jda.api.JDA                  : You can manually disable these flags to remove this warning by using disableCache(CacheFlag.VOICE_STATE, CacheFlag.EMOTE) on your JDABuilder
2022-05-06 10:44:40.299  INFO 6212 --- [main] net.dv8tion.jda.api.JDA                  : Login Successful!
2022-05-06 10:44:40.497  INFO 6212 --- [JDA MainWS-ReadThread] n.d.j.internal.requests.WebSocketClient  : Connected to WebSocket
2022-05-06 10:44:40.684  INFO 6212 --- [JDA MainWS-ReadThread] net.dv8tion.jda.api.JDA                  : Finished Loading!
2022-05-06 10:44:40.773  INFO 6212 --- [main] n.g.groogagle.meta.SlashCommandAttacher  : Registering Slash Command "ping"
2022-05-06 10:44:40.777  INFO 6212 --- [main] n.g.groogagle.meta.SlashCommandAttacher  : Registering Slash Command "say"
2022-05-06 10:44:40.851  INFO 6212 --- [main] n.g.groogagle.GroogagleApplication       : Started GroogagleApplication in 2.16 seconds (JVM running for 2.436)
2022-05-06 10:44:53.108  INFO 8896 --- [main] n.g.groogagle.GroogagleApplication       : Starting GroogagleApplication using Java 17.0.1 on EaglePC with PID 8896 (C:\Users\garag\Documents\PurpleTeam\groogagle-jda\target\classes started by garag in C:\Users\garag\Documents\PurpleTeam\groogagle-jda)
2022-05-06 10:44:53.111  INFO 8896 --- [main] n.g.groogagle.GroogagleApplication       : No active profile set, falling back to 1 default profile: "default"
2022-05-06 10:44:53.575  WARN 8896 --- [main] net.dv8tion.jda.api.JDA                  : Automatically disabled CacheFlags due to missing intents
2022-05-06 10:44:53.576  WARN 8896 --- [main] net.dv8tion.jda.api.JDA                  : Disabled CacheFlag.VOICE_STATE (missing GatewayIntent.GUILD_VOICE_STATES)
2022-05-06 10:44:53.576  WARN 8896 --- [main] net.dv8tion.jda.api.JDA                  : Disabled CacheFlag.EMOTE (missing GatewayIntent.GUILD_EMOJIS)
2022-05-06 10:44:53.576  WARN 8896 --- [main] net.dv8tion.jda.api.JDA                  : You can manually disable these flags to remove this warning by using disableCache(CacheFlag.VOICE_STATE, CacheFlag.EMOTE) on your JDABuilder
2022-05-06 10:44:54.255  INFO 8896 --- [main] net.dv8tion.jda.api.JDA                  : Login Successful!
2022-05-06 10:44:54.465  INFO 8896 --- [JDA MainWS-ReadThread] n.d.j.internal.requests.WebSocketClient  : Connected to WebSocket
2022-05-06 10:44:54.730  INFO 8896 --- [JDA MainWS-ReadThread] net.dv8tion.jda.api.JDA                  : Finished Loading!
2022-05-06 10:44:54.806  INFO 8896 --- [main] n.g.groogagle.meta.SlashCommandAttacher  : Registering Slash Command "ping"
2022-05-06 10:44:54.811  INFO 8896 --- [main] n.g.groogagle.meta.SlashCommandAttacher  : Registering Slash Command "say"
2022-05-06 10:44:54.883  INFO 8896 --- [main] n.g.groogagle.GroogagleApplication       : Started GroogagleApplication in 2.178 seconds (JVM running for 2.463)
2022-05-06 12:32:23.349  INFO 13680 --- [main] n.g.groogagle.GroogagleApplication       : Starting GroogagleApplication using Java 17.0.1 on EaglePC with PID 13680 (C:\Users\garag\Documents\PurpleTeam\groogagle-jda\target\classes started by garag in C:\Users\garag\Documents\PurpleTeam\groogagle-jda)
2022-05-06 12:32:23.352  INFO 13680 --- [main] n.g.groogagle.GroogagleApplication       : No active profile set, falling back to 1 default profile: "default"
2022-05-06 12:32:23.826  WARN 13680 --- [main] net.dv8tion.jda.api.JDA                  : Automatically disabled CacheFlags due to missing intents
2022-05-06 12:32:23.827  WARN 13680 --- [main] net.dv8tion.jda.api.JDA                  : Disabled CacheFlag.VOICE_STATE (missing GatewayIntent.GUILD_VOICE_STATES)
2022-05-06 12:32:23.827  WARN 13680 --- [main] net.dv8tion.jda.api.JDA                  : Disabled CacheFlag.EMOTE (missing GatewayIntent.GUILD_EMOJIS)
2022-05-06 12:32:23.827  WARN 13680 --- [main] net.dv8tion.jda.api.JDA                  : You can manually disable these flags to remove this warning by using disableCache(CacheFlag.VOICE_STATE, CacheFlag.EMOTE) on your JDABuilder
2022-05-06 12:32:24.587  INFO 13680 --- [main] net.dv8tion.jda.api.JDA                  : Login Successful!
2022-05-06 12:32:24.823  INFO 13680 --- [JDA MainWS-ReadThread] n.d.j.internal.requests.WebSocketClient  : Connected to WebSocket
2022-05-06 12:32:24.995  INFO 13680 --- [JDA MainWS-ReadThread] net.dv8tion.jda.api.JDA                  : Finished Loading!
2022-05-06 12:32:25.060  INFO 13680 --- [main] n.g.groogagle.meta.SlashCommandAttacher  : Registering Slash Command "ping"
2022-05-06 12:32:25.062  INFO 13680 --- [main] n.g.groogagle.meta.SlashCommandAttacher  : Registering Slash Command "say"
2022-05-06 12:32:25.137  INFO 13680 --- [main] n.g.groogagle.GroogagleApplication       : Started GroogagleApplication in 2.19 seconds (JVM running for 2.478)
2022-05-06 12:38:02.775  INFO 21124 --- [main] n.g.groogagle.GroogagleApplication       : Starting GroogagleApplication using Java 17.0.1 on EaglePC with PID 21124 (C:\Users\garag\Documents\PurpleTeam\groogagle-jda\target\classes started by garag in C:\Users\garag\Documents\PurpleTeam\groogagle-jda)
2022-05-06 12:38:02.779  INFO 21124 --- [main] n.g.groogagle.GroogagleApplication       : No active profile set, falling back to 1 default profile: "default"
2022-05-06 12:38:03.455  WARN 21124 --- [main] net.dv8tion.jda.api.JDA                  : Automatically disabled CacheFlags due to missing intents
2022-05-06 12:38:03.456  WARN 21124 --- [main] net.dv8tion.jda.api.JDA                  : Disabled CacheFlag.VOICE_STATE (missing GatewayIntent.GUILD_VOICE_STATES)
2022-05-06 12:38:03.456  WARN 21124 --- [main] net.dv8tion.jda.api.JDA                  : Disabled CacheFlag.EMOTE (missing GatewayIntent.GUILD_EMOJIS)
2022-05-06 12:38:03.457  WARN 21124 --- [main] net.dv8tion.jda.api.JDA                  : You can manually disable these flags to remove this warning by using disableCache(CacheFlag.VOICE_STATE, CacheFlag.EMOTE) on your JDABuilder
2022-05-06 12:38:04.325  INFO 21124 --- [main] net.dv8tion.jda.api.JDA                  : Login Successful!
2022-05-06 12:38:04.556  INFO 21124 --- [JDA MainWS-ReadThread] n.d.j.internal.requests.WebSocketClient  : Connected to WebSocket
2022-05-06 12:38:04.731  INFO 21124 --- [JDA MainWS-ReadThread] net.dv8tion.jda.api.JDA                  : Finished Loading!
2022-05-06 12:38:04.802  INFO 21124 --- [main] n.g.groogagle.meta.SlashCommandAttacher  : Registering Slash Command "ping"
2022-05-06 12:38:04.806  INFO 21124 --- [main] n.g.groogagle.meta.SlashCommandAttacher  : Registering Slash Command "say"
2022-05-06 12:38:04.883  INFO 21124 --- [main] n.g.groogagle.GroogagleApplication       : Started GroogagleApplication in 2.582 seconds (JVM running for 2.851)
2022-05-06 12:38:09.335  INFO 21124 --- [JDA MainWS-ReadThread] n.g.groogagle.model.SlashCommand         : %s (%s) used slash command: %s
2022-05-06 12:38:47.466  INFO 5892 --- [main] n.g.groogagle.GroogagleApplication       : Starting GroogagleApplication using Java 17.0.1 on EaglePC with PID 5892 (C:\Users\garag\Documents\PurpleTeam\groogagle-jda\target\classes started by garag in C:\Users\garag\Documents\PurpleTeam\groogagle-jda)
2022-05-06 12:38:47.469  INFO 5892 --- [main] n.g.groogagle.GroogagleApplication       : No active profile set, falling back to 1 default profile: "default"
2022-05-06 12:38:47.939  WARN 5892 --- [main] net.dv8tion.jda.api.JDA                  : Automatically disabled CacheFlags due to missing intents
2022-05-06 12:38:47.940  WARN 5892 --- [main] net.dv8tion.jda.api.JDA                  : Disabled CacheFlag.VOICE_STATE (missing GatewayIntent.GUILD_VOICE_STATES)
2022-05-06 12:38:47.940  WARN 5892 --- [main] net.dv8tion.jda.api.JDA                  : Disabled CacheFlag.EMOTE (missing GatewayIntent.GUILD_EMOJIS)
2022-05-06 12:38:47.940  WARN 5892 --- [main] net.dv8tion.jda.api.JDA                  : You can manually disable these flags to remove this warning by using disableCache(CacheFlag.VOICE_STATE, CacheFlag.EMOTE) on your JDABuilder
2022-05-06 12:38:48.575  INFO 5892 --- [main] net.dv8tion.jda.api.JDA                  : Login Successful!
2022-05-06 12:38:48.770  INFO 5892 --- [JDA MainWS-ReadThread] n.d.j.internal.requests.WebSocketClient  : Connected to WebSocket
2022-05-06 12:38:48.942  INFO 5892 --- [JDA MainWS-ReadThread] net.dv8tion.jda.api.JDA                  : Finished Loading!
2022-05-06 12:38:48.991  INFO 5892 --- [main] n.g.groogagle.meta.SlashCommandAttacher  : Registering Slash Command "ping"
2022-05-06 12:38:48.995  INFO 5892 --- [main] n.g.groogagle.meta.SlashCommandAttacher  : Registering Slash Command "say"
2022-05-06 12:38:49.066  INFO 5892 --- [main] n.g.groogagle.GroogagleApplication       : Started GroogagleApplication in 1.997 seconds (JVM running for 2.275)
2022-05-06 12:38:51.971  INFO 5892 --- [JDA MainWS-ReadThread] n.g.groogagle.model.SlashCommand         : garageagle#1109 (165195486746116096) used slash command: /ping
2022-05-06 12:39:09.762  INFO 5892 --- [JDA MainWS-ReadThread] n.g.groogagle.model.SlashCommand         : garageagle#1109 (165195486746116096) used slash command: /say message: Testing 123 <@!165195486746116096> channel: #general2
2022-05-06 12:39:49.132  INFO 17800 --- [main] n.g.groogagle.GroogagleApplication       : Starting GroogagleApplication using Java 17.0.1 on EaglePC with PID 17800 (C:\Users\garag\Documents\PurpleTeam\groogagle-jda\target\classes started by garag in C:\Users\garag\Documents\PurpleTeam\groogagle-jda)
2022-05-06 12:39:49.134  INFO 17800 --- [main] n.g.groogagle.GroogagleApplication       : No active profile set, falling back to 1 default profile: "default"
2022-05-06 12:39:49.680  WARN 17800 --- [main] net.dv8tion.jda.api.JDA                  : Automatically disabled CacheFlags due to missing intents
2022-05-06 12:39:49.681  WARN 17800 --- [main] net.dv8tion.jda.api.JDA                  : Disabled CacheFlag.VOICE_STATE (missing GatewayIntent.GUILD_VOICE_STATES)
2022-05-06 12:39:49.681  WARN 17800 --- [main] net.dv8tion.jda.api.JDA                  : Disabled CacheFlag.EMOTE (missing GatewayIntent.GUILD_EMOJIS)
2022-05-06 12:39:49.681  WARN 17800 --- [main] net.dv8tion.jda.api.JDA                  : You can manually disable these flags to remove this warning by using disableCache(CacheFlag.VOICE_STATE, CacheFlag.EMOTE) on your JDABuilder
2022-05-06 12:39:50.366  INFO 17800 --- [main] net.dv8tion.jda.api.JDA                  : Login Successful!
2022-05-06 12:39:50.610  INFO 17800 --- [JDA MainWS-ReadThread] n.d.j.internal.requests.WebSocketClient  : Connected to WebSocket
2022-05-06 12:39:50.823  INFO 17800 --- [JDA MainWS-ReadThread] net.dv8tion.jda.api.JDA                  : Finished Loading!
2022-05-06 12:39:50.907  INFO 17800 --- [main] n.g.groogagle.meta.SlashCommandAttacher  : Registering Slash Command "ping"
2022-05-06 12:39:50.913  INFO 17800 --- [main] n.g.groogagle.meta.SlashCommandAttacher  : Registering Slash Command "say"
2022-05-06 12:39:50.987  INFO 17800 --- [main] n.g.groogagle.GroogagleApplication       : Started GroogagleApplication in 2.227 seconds (JVM running for 2.5)
2022-05-06 12:40:47.872  INFO 17800 --- [JDA MainWS-ReadThread] n.g.groogagle.model.SlashCommand         : Frithluu900#1536 (548912410937786368) used slash command: "/say message: a channel: #general2"
2022-05-06 12:45:17.575  INFO 23664 --- [main] n.g.groogagle.GroogagleApplication       : Starting GroogagleApplication using Java 17.0.1 on EaglePC with PID 23664 (C:\Users\garag\Documents\PurpleTeam\groogagle-jda\target\classes started by garag in C:\Users\garag\Documents\PurpleTeam\groogagle-jda)
2022-05-06 12:45:17.578  INFO 23664 --- [main] n.g.groogagle.GroogagleApplication       : No active profile set, falling back to 1 default profile: "default"
2022-05-06 12:45:18.107  WARN 23664 --- [main] net.dv8tion.jda.api.JDA                  : Automatically disabled CacheFlags due to missing intents
2022-05-06 12:45:18.108  WARN 23664 --- [main] net.dv8tion.jda.api.JDA                  : Disabled CacheFlag.VOICE_STATE (missing GatewayIntent.GUILD_VOICE_STATES)
2022-05-06 12:45:18.108  WARN 23664 --- [main] net.dv8tion.jda.api.JDA                  : Disabled CacheFlag.EMOTE (missing GatewayIntent.GUILD_EMOJIS)
2022-05-06 12:45:18.108  WARN 23664 --- [main] net.dv8tion.jda.api.JDA                  : You can manually disable these flags to remove this warning by using disableCache(CacheFlag.VOICE_STATE, CacheFlag.EMOTE) on your JDABuilder
2022-05-06 12:45:18.870  INFO 23664 --- [main] net.dv8tion.jda.api.JDA                  : Login Successful!
2022-05-06 12:45:19.093  INFO 23664 --- [JDA MainWS-ReadThread] n.d.j.internal.requests.WebSocketClient  : Connected to WebSocket
2022-05-06 12:45:19.257  INFO 23664 --- [JDA MainWS-ReadThread] net.dv8tion.jda.api.JDA                  : Finished Loading!
2022-05-06 12:45:19.292  INFO 23664 --- [main] n.g.groogagle.meta.SlashCommandAttacher  : Registering Slash Command "ping"
2022-05-06 12:45:19.296  INFO 23664 --- [main] n.g.groogagle.meta.SlashCommandAttacher  : Registering Slash Command "say"
2022-05-06 12:45:19.380  INFO 23664 --- [main] n.g.groogagle.GroogagleApplication       : Started GroogagleApplication in 2.212 seconds (JVM running for 2.491)
2022-05-06 16:28:12.338  INFO 1828 --- [main] n.g.groogagle.GroogagleApplication       : Starting GroogagleApplication using Java 17.0.1 on EaglePC with PID 1828 (C:\Users\garag\Documents\PurpleTeam\groogagle-jda\target\classes started by garag in C:\Users\garag\Documents\PurpleTeam\groogagle-jda)
2022-05-06 16:28:12.342  INFO 1828 --- [main] n.g.groogagle.GroogagleApplication       : No active profile set, falling back to 1 default profile: "default"
2022-05-06 16:28:12.924  WARN 1828 --- [main] net.dv8tion.jda.api.JDA                  : Automatically disabled CacheFlags due to missing intents
2022-05-06 16:28:12.925  WARN 1828 --- [main] net.dv8tion.jda.api.JDA                  : Disabled CacheFlag.VOICE_STATE (missing GatewayIntent.GUILD_VOICE_STATES)
2022-05-06 16:28:12.925  WARN 1828 --- [main] net.dv8tion.jda.api.JDA                  : Disabled CacheFlag.EMOTE (missing GatewayIntent.GUILD_EMOJIS)
2022-05-06 16:28:12.925  WARN 1828 --- [main] net.dv8tion.jda.api.JDA                  : You can manually disable these flags to remove this warning by using disableCache(CacheFlag.VOICE_STATE, CacheFlag.EMOTE) on your JDABuilder
2022-05-06 16:28:13.661  INFO 1828 --- [main] net.dv8tion.jda.api.JDA                  : Login Successful!
2022-05-06 16:28:14.004  INFO 1828 --- [JDA MainWS-ReadThread] n.d.j.internal.requests.WebSocketClient  : Connected to WebSocket
2022-05-06 16:28:14.200  INFO 1828 --- [JDA MainWS-ReadThread] net.dv8tion.jda.api.JDA                  : Finished Loading!
2022-05-06 16:28:14.255  INFO 1828 --- [main] n.g.groogagle.meta.SlashCommandAttacher  : Registering Slash Command "8ball"
2022-05-06 16:28:14.263  INFO 1828 --- [main] n.g.groogagle.meta.SlashCommandAttacher  : Registering Slash Command "ping"
2022-05-06 16:28:14.264  INFO 1828 --- [main] n.g.groogagle.meta.SlashCommandAttacher  : Registering Slash Command "say"
2022-05-06 16:28:14.336  INFO 1828 --- [main] n.g.groogagle.GroogagleApplication       : Started GroogagleApplication in 2.381 seconds (JVM running for 2.669)
2022-05-06 16:28:22.546  INFO 1828 --- [JDA MainWS-ReadThread] n.g.groogagle.model.SlashCommand         : garageagle#1109 (165195486746116096) used slash command: "/8ball question: does this work?"
2022-05-06 16:29:34.234  INFO 24460 --- [main] n.g.groogagle.GroogagleApplication       : Starting GroogagleApplication using Java 17.0.1 on EaglePC with PID 24460 (C:\Users\garag\Documents\PurpleTeam\groogagle-jda\target\classes started by garag in C:\Users\garag\Documents\PurpleTeam\groogagle-jda)
2022-05-06 16:29:34.236  INFO 24460 --- [main] n.g.groogagle.GroogagleApplication       : No active profile set, falling back to 1 default profile: "default"
2022-05-06 16:29:34.773  WARN 24460 --- [main] net.dv8tion.jda.api.JDA                  : Automatically disabled CacheFlags due to missing intents
2022-05-06 16:29:34.774  WARN 24460 --- [main] net.dv8tion.jda.api.JDA                  : Disabled CacheFlag.VOICE_STATE (missing GatewayIntent.GUILD_VOICE_STATES)
2022-05-06 16:29:34.774  WARN 24460 --- [main] net.dv8tion.jda.api.JDA                  : Disabled CacheFlag.EMOTE (missing GatewayIntent.GUILD_EMOJIS)
2022-05-06 16:29:34.775  WARN 24460 --- [main] net.dv8tion.jda.api.JDA                  : You can manually disable these flags to remove this warning by using disableCache(CacheFlag.VOICE_STATE, CacheFlag.EMOTE) on your JDABuilder
2022-05-06 16:29:35.454  INFO 24460 --- [main] net.dv8tion.jda.api.JDA                  : Login Successful!
2022-05-06 16:29:35.684  INFO 24460 --- [JDA MainWS-ReadThread] n.d.j.internal.requests.WebSocketClient  : Connected to WebSocket
2022-05-06 16:29:35.883  INFO 24460 --- [JDA MainWS-ReadThread] net.dv8tion.jda.api.JDA                  : Finished Loading!
2022-05-06 16:29:35.948  INFO 24460 --- [main] n.g.groogagle.meta.SlashCommandAttacher  : Registering Slash Command "8ball"
2022-05-06 16:29:35.957  INFO 24460 --- [main] n.g.groogagle.meta.SlashCommandAttacher  : Registering Slash Command "ping"
2022-05-06 16:29:35.957  INFO 24460 --- [main] n.g.groogagle.meta.SlashCommandAttacher  : Registering Slash Command "say"
2022-05-06 16:29:36.018  INFO 24460 --- [main] n.g.groogagle.GroogagleApplication       : Started GroogagleApplication in 2.14 seconds (JVM running for 2.417)
2022-05-06 16:29:44.239  INFO 24460 --- [JDA MainWS-ReadThread] n.g.groogagle.model.SlashCommand         : garageagle#1109 (165195486746116096) used slash command: "/8ball question: Does this still work?"
2022-05-06 16:30:00.012  INFO 29088 --- [main] n.g.groogagle.GroogagleApplication       : Starting GroogagleApplication using Java 17.0.1 on EaglePC with PID 29088 (C:\Users\garag\Documents\PurpleTeam\groogagle-jda\target\classes started by garag in C:\Users\garag\Documents\PurpleTeam\groogagle-jda)
2022-05-06 16:30:00.016  INFO 29088 --- [main] n.g.groogagle.GroogagleApplication       : No active profile set, falling back to 1 default profile: "default"
2022-05-06 16:30:00.530  WARN 29088 --- [main] net.dv8tion.jda.api.JDA                  : Automatically disabled CacheFlags due to missing intents
2022-05-06 16:30:00.531  WARN 29088 --- [main] net.dv8tion.jda.api.JDA                  : Disabled CacheFlag.VOICE_STATE (missing GatewayIntent.GUILD_VOICE_STATES)
2022-05-06 16:30:00.531  WARN 29088 --- [main] net.dv8tion.jda.api.JDA                  : Disabled CacheFlag.EMOTE (missing GatewayIntent.GUILD_EMOJIS)
2022-05-06 16:30:00.532  WARN 29088 --- [main] net.dv8tion.jda.api.JDA                  : You can manually disable these flags to remove this warning by using disableCache(CacheFlag.VOICE_STATE, CacheFlag.EMOTE) on your JDABuilder
2022-05-06 16:30:01.243  INFO 29088 --- [main] net.dv8tion.jda.api.JDA                  : Login Successful!
2022-05-06 16:30:01.453  INFO 29088 --- [JDA MainWS-WriteThread] n.d.j.internal.requests.WebSocketClient  : Connected to WebSocket
2022-05-06 16:30:01.693  INFO 29088 --- [JDA MainWS-ReadThread] net.dv8tion.jda.api.JDA                  : Finished Loading!
2022-05-06 16:30:01.757  INFO 29088 --- [main] n.g.groogagle.meta.SlashCommandAttacher  : Registering Slash Command "8ball"
2022-05-06 16:30:01.768  INFO 29088 --- [main] n.g.groogagle.meta.SlashCommandAttacher  : Registering Slash Command "ping"
2022-05-06 16:30:01.769  INFO 29088 --- [main] n.g.groogagle.meta.SlashCommandAttacher  : Registering Slash Command "say"
2022-05-06 16:30:01.857  INFO 29088 --- [main] n.g.groogagle.GroogagleApplication       : Started GroogagleApplication in 2.208 seconds (JVM running for 2.529)
2022-05-06 16:31:06.113  INFO 29088 --- [JDA MainWS-ReadThread] n.g.groogagle.model.SlashCommand         : garageagle#1109 (165195486746116096) used slash command: "/8ball question: a"
2022-05-06 16:31:15.305  INFO 29088 --- [JDA MainWS-ReadThread] n.g.groogagle.model.SlashCommand         : garageagle#1109 (165195486746116096) used slash command: "/8ball question: is this rigged?"
2022-05-06 16:33:09.827  INFO 29088 --- [JDA MainWS-ReadThread] n.g.groogagle.model.SlashCommand         : garageagle#1109 (165195486746116096) used slash command: "/8ball question: Am I a good programmer?"
2022-05-06 18:25:16.468  INFO 16512 --- [main] n.g.g.GroogagleJdaApplicationTests       : Starting GroogagleJdaApplicationTests using Java 17.0.1 on EaglePC with PID 16512 (started by garag in C:\Users\garag\Documents\PurpleTeam\groogagle-jda)
2022-05-06 18:25:16.470  INFO 16512 --- [main] n.g.g.GroogagleJdaApplicationTests       : No active profile set, falling back to 1 default profile: "default"
2022-05-06 18:25:16.921  WARN 16512 --- [main] net.dv8tion.jda.api.JDA                  : Automatically disabled CacheFlags due to missing intents
2022-05-06 18:25:16.922  WARN 16512 --- [main] net.dv8tion.jda.api.JDA                  : Disabled CacheFlag.VOICE_STATE (missing GatewayIntent.GUILD_VOICE_STATES)
2022-05-06 18:25:16.923  WARN 16512 --- [main] net.dv8tion.jda.api.JDA                  : Disabled CacheFlag.EMOTE (missing GatewayIntent.GUILD_EMOJIS)
2022-05-06 18:25:16.923  WARN 16512 --- [main] net.dv8tion.jda.api.JDA                  : You can manually disable these flags to remove this warning by using disableCache(CacheFlag.VOICE_STATE, CacheFlag.EMOTE) on your JDABuilder
2022-05-06 18:25:17.661  INFO 16512 --- [main] net.dv8tion.jda.api.JDA                  : Login Successful!
2022-05-06 18:25:17.895  INFO 16512 --- [JDA MainWS-ReadThread] n.d.j.internal.requests.WebSocketClient  : Connected to WebSocket
2022-05-06 18:25:18.080  INFO 16512 --- [JDA MainWS-ReadThread] net.dv8tion.jda.api.JDA                  : Finished Loading!
2022-05-06 18:25:18.180  INFO 16512 --- [main] n.g.groogagle.meta.SlashCommandAttacher  : Registering Slash Command "8ball"
2022-05-06 18:25:18.187  INFO 16512 --- [main] n.g.groogagle.meta.SlashCommandAttacher  : Registering Slash Command "ping"
2022-05-06 18:25:18.188  INFO 16512 --- [main] n.g.groogagle.meta.SlashCommandAttacher  : Registering Slash Command "say"
2022-05-06 18:25:18.264  INFO 16512 --- [main] n.g.g.GroogagleJdaApplicationTests       : Started GroogagleJdaApplicationTests in 2.102 seconds (JVM running for 2.821)
